<?xml version="1.0" encoding="UTF-8"?>
<!-- Generated by org.testng.reporters.JUnitReportReporter -->
<testsuite hostname="FT-DESKTOP-019" name="com.yantra.auto.yrms.scripts.HomePage_Script" tests="1" failures="0" timestamp="15 Mar 2018 11:57:12 GMT" time="8.137" errors="0">
  <testcase name="testLoginFailure" time="8.137" classname="com.yantra.auto.yrms.scripts.HomePage_Script"/>
</testsuite> <!-- com.yantra.auto.yrms.scripts.HomePage_Script -->
