<?xml version="1.0" encoding="UTF-8"?>
<!-- Generated by org.testng.reporters.JUnitReportReporter -->
<testsuite hostname="FT-DESKTOP-019" name="com.yantra.auto.yrms.scripts.reports.RiskReport_Script" tests="1" failures="0" timestamp="11 May 2018 07:15:09 GMT" time="17.086" errors="0">
  <testcase name="testRiskReport" time="17.086" classname="com.yantra.auto.yrms.scripts.reports.RiskReport_Script"/>
</testsuite> <!-- com.yantra.auto.yrms.scripts.reports.RiskReport_Script -->
