<?xml version="1.0" encoding="UTF-8"?>
<!-- Generated by org.testng.reporters.JUnitReportReporter -->
<testsuite name="com.yantra.auto.yrms.scripts.TransactionDocument_Script" tests="2" time="21.032" ignored="0" failures="0" timestamp="23 Jan 2018 10:23:02 GMT" skipped="0" hostname="FT-DESKTOP-019" errors="0">
  <testcase name="checkTotalTransactionCount" time="8.170" classname="com.yantra.auto.yrms.scripts.TransactionDocument_Script"/>
  <testcase name="navigateToTransactionDocument" time="12.862" classname="com.yantra.auto.yrms.scripts.TransactionDocument_Script"/>
</testsuite> <!-- com.yantra.auto.yrms.scripts.TransactionDocument_Script -->
